AFTER GETSTAKEINFO
TX SENT CLIENT &{c0003b3620 {c071e342b77d36fb 72241d1 125baa0} {<nil>} {<nil>} {<nil>}}
ZapMaster Approved with txn 0x453110312a68a119d300df6384c33f494acd542d4bbc237fe06a52f50e861a49
&{0xcd3B766CCDd6AE721141F452C550Ca635964ce71 1 0x8210e0 0 1006256138 <nil> <nil> 4000000 context.Background false}
TX SENT CLIENT &{c0003b3bc0 {c071e342c84f44bc 138f198c 125baa0} {<nil>} {<nil>} {<nil>}}
Stake depositied with txn 0x3471594bbd84a1c28554e2c8c82fe9c5d8408ff309e4df843f49e7e014b6eca9
No GPUs enabled, falling back to CPU mining, using 2 threads
[36mINFO[0m[0010] Miner is not in dispute, continuing           [36mcomponent[0m=MiningTasker [36mpackage[0m=pow
[36mINFO[0m[0010] Getting pending txn and value from data server...  [36mcomponent[0m=SolutionHandler [36mpackage[0m=pow
using gas multiplier :  1
Using gas price 1001440111
TX SENT CLIENT &{c0003a9140 {c071e34536bfce9a 25aac2edc 125baa0} {<nil>} {<nil>} {<nil>}}
submitSolution tx sent: 0x98591e0e331e5a4e084cbb4ae1b886e6cb6176d07dd2d02372b49903c11059b3
[36mINFO[0m[0010] Successfully submitted solution               [36mcomponent[0m=SolutionHandler [36mpackage[0m=pow
[36mINFO[0m[0010] Miner is not in dispute, continuing           [36mcomponent[0m=MiningTasker [36mpackage[0m=pow
[36mINFO[0m[0025] Miner is not in dispute, continuing           [36mcomponent[0m=MiningTasker [36mpackage[0m=pow
Total hashrate 0  H/s
	  0  H/s (50.0%): CPU 0 
	  0  H/s (50.0%): CPU 1 
[36mINFO[0m[0025] Getting pending txn and value from data server...  [36mcomponent[0m=SolutionHandler [36mpackage[0m=pow
using gas multiplier :  1
Using gas price 1000565529
TX SENT CLIENT &{c0003a9800 {c071e348f66f7687 5d86daccc 125baa0} {<nil>} {<nil>} {<nil>}}
submitSolution tx sent: 0xd7ed84c9f0002e8d68f0d4e30056f98714c7f84ac44721fef04cb7965d7f7fc6
[36mINFO[0m[0025] Successfully submitted solution               [36mcomponent[0m=SolutionHandler [36mpackage[0m=pow
[36mINFO[0m[0025] Miner is not in dispute, continuing           [36mcomponent[0m=MiningTasker [36mpackage[0m=pow
[36mINFO[0m[0040] Miner is not in dispute, continuing           [36mcomponent[0m=MiningTasker [36mpackage[0m=pow
[36mINFO[0m[0055] Miner is not in dispute, continuing           [36mcomponent[0m=MiningTasker [36mpackage[0m=pow
[36mINFO[0m[0070] Miner is not in dispute, continuing           [36mcomponent[0m=MiningTasker [36mpackage[0m=pow
[36mINFO[0m[0085] Miner is not in dispute, continuing           [36mcomponent[0m=MiningTasker [36mpackage[0m=pow
[36mINFO[0m[0100] Miner is not in dispute, continuing           [36mcomponent[0m=MiningTasker [36mpackage[0m=pow
[31mERRO[0m[0115] Could not get data from data proxy, cannot continue at all  [31mcomponent[0m=MiningTasker [31mpackage[0m=pow
2022/01/18 14:33:17 unexpected EOF
