AFTER GETSTAKEINFO
TX SENT CLIENT &{c0003a96e0 {c071e342d6463741 218683b3 125baa0} {<nil>} {<nil>} {<nil>}}
ZapMaster Approved with txn 0x8bfa33773345ecc7419dc030486882d1736b1f8a6ce6be415327ad9072c10921
&{0xbDA5747bFD65F08deb54cb465eB87D40e51B197E 1 0x8210e0 0 1002456763 <nil> <nil> 4000000 context.Background false}
TX SENT CLIENT &{c0003a9c80 {c071e342df476165 2a87add2 125baa0} {<nil>} {<nil>} {<nil>}}
Stake depositied with txn 0x765369bb1f453d1fe3334084e7a34e40b01fad4c2921156af8c1c398782adf64
[36mINFO[0m[0000] Created Remote data proxy connector for localhost:5001  [36mcomponent[0m=RemoteDB [36mpackage[0m=db
No GPUs enabled, falling back to CPU mining, using 2 threads
[36mINFO[0m[0010] Miner is not in dispute, continuing           [36mcomponent[0m=MiningTasker [36mpackage[0m=pow
[36mINFO[0m[0010] Getting pending txn and value from data server...  [36mcomponent[0m=SolutionHandler [36mpackage[0m=pow
using gas multiplier :  1
Using gas price 1001440111
TX SENT CLIENT &{c0003b1d40 {c071e345b4dc3ca0 2578149c2 125baa0} {<nil>} {<nil>} {<nil>}}
submitSolution tx sent: 0xfc51b076f6c80e12d8edf5541d8a56867df4a5d48468b73d2d99f667ba0d3ed5
[36mINFO[0m[0010] Successfully submitted solution               [36mcomponent[0m=SolutionHandler [36mpackage[0m=pow
[36mINFO[0m[0010] Miner is not in dispute, continuing           [36mcomponent[0m=MiningTasker [36mpackage[0m=pow
[36mINFO[0m[0025] Miner is not in dispute, continuing           [36mcomponent[0m=MiningTasker [36mpackage[0m=pow
Total hashrate 0  H/s
	  0  H/s (50.0%): CPU 0 
	  0  H/s (50.0%): CPU 1 
[36mINFO[0m[0025] Getting pending txn and value from data server...  [36mcomponent[0m=SolutionHandler [36mpackage[0m=pow
using gas multiplier :  1
Using gas price 1000565529
TX SENT CLIENT &{c0000c07e0 {c071e349768832ae 5d73f15ce 125baa0} {<nil>} {<nil>} {<nil>}}
submitSolution tx sent: 0x8041db6172d6fe834a9ea9b442ce5d9ba5ac1f4ead2e375849be9f8da2afd102
[36mINFO[0m[0025] Successfully submitted solution               [36mcomponent[0m=SolutionHandler [36mpackage[0m=pow
[36mINFO[0m[0025] Miner is not in dispute, continuing           [36mcomponent[0m=MiningTasker [36mpackage[0m=pow
[36mINFO[0m[0040] Miner is not in dispute, continuing           [36mcomponent[0m=MiningTasker [36mpackage[0m=pow
[36mINFO[0m[0055] Miner is not in dispute, continuing           [36mcomponent[0m=MiningTasker [36mpackage[0m=pow
[36mINFO[0m[0070] Miner is not in dispute, continuing           [36mcomponent[0m=MiningTasker [36mpackage[0m=pow
[36mINFO[0m[0085] Miner is not in dispute, continuing           [36mcomponent[0m=MiningTasker [36mpackage[0m=pow
[36mINFO[0m[0100] Miner is not in dispute, continuing           [36mcomponent[0m=MiningTasker [36mpackage[0m=pow
[31mERRO[0m[0115] Could not get data from data proxy, cannot continue at all  [31mcomponent[0m=MiningTasker [31mpackage[0m=pow
2022/01/18 14:33:19 unexpected EOF
