AFTER GETSTAKEINFO
TX SENT CLIENT &{c000148ae0 {c071e342d45e0858 200d7e57 125baa0} {<nil>} {<nil>} {<nil>}}
ZapMaster Approved with txn 0xee0b0f740389a1dd65002404e99e07708663d805ec78cee339dc97e163d8416a
&{0xdD2FD4581271e230360230F9337D5c0430Bf44C0 1 0x8210e0 0 1004191125 <nil> <nil> 4000000 context.Background false}
TX SENT CLIENT &{c000149080 {c071e342d663f6a1 22136c98 125baa0} {<nil>} {<nil>} {<nil>}}
Stake depositied with txn 0xdf30e2484f1631706d36e3d2d95b41dc493f2e5b45842eac328f64e7e6d0fb8e
[36mINFO[0m[0000] Created Remote data proxy connector for localhost:5001  [36mcomponent[0m=RemoteDB [36mpackage[0m=db
No GPUs enabled, falling back to CPU mining, using 2 threads
[36mINFO[0m[0010] Miner is not in dispute, continuing           [36mcomponent[0m=MiningTasker [36mpackage[0m=pow
[36mINFO[0m[0010] Getting pending txn and value from data server...  [36mcomponent[0m=SolutionHandler [36mpackage[0m=pow
using gas multiplier :  1
Using gas price 1001440111
TX SENT CLIENT &{c00007ad80 {c071e345f3cf51f3 25636e7ea 125baa0} {<nil>} {<nil>} {<nil>}}
submitSolution tx sent: 0xfec6dff557592142a263beab14032282582c7701b0ed0b73e0281f5397fc93c8
[36mINFO[0m[0010] Successfully submitted solution               [36mcomponent[0m=SolutionHandler [36mpackage[0m=pow
[36mINFO[0m[0010] Miner is not in dispute, continuing           [36mcomponent[0m=MiningTasker [36mpackage[0m=pow
[36mINFO[0m[0025] Miner is not in dispute, continuing           [36mcomponent[0m=MiningTasker [36mpackage[0m=pow
Total hashrate 0  H/s
	  0  H/s (50.0%): CPU 0 
	  0  H/s (50.0%): CPU 1 
[36mINFO[0m[0025] Getting pending txn and value from data server...  [36mcomponent[0m=SolutionHandler [36mpackage[0m=pow
using gas multiplier :  1
Using gas price 1000290067
TX SENT CLIENT &{c00007b440 {c071e349b3fb957f 5d4750175 125baa0} {<nil>} {<nil>} {<nil>}}
submitSolution tx sent: 0xcefe19dd622656f6f48bd4a8e32e4c116f28d1792e8914d38b8cd5701dc3c48f
[36mINFO[0m[0025] Successfully submitted solution               [36mcomponent[0m=SolutionHandler [36mpackage[0m=pow
[36mINFO[0m[0025] Miner is not in dispute, continuing           [36mcomponent[0m=MiningTasker [36mpackage[0m=pow
[36mINFO[0m[0040] Miner is not in dispute, continuing           [36mcomponent[0m=MiningTasker [36mpackage[0m=pow
[36mINFO[0m[0055] Miner is not in dispute, continuing           [36mcomponent[0m=MiningTasker [36mpackage[0m=pow
[36mINFO[0m[0070] Miner is not in dispute, continuing           [36mcomponent[0m=MiningTasker [36mpackage[0m=pow
[36mINFO[0m[0085] Miner is not in dispute, continuing           [36mcomponent[0m=MiningTasker [36mpackage[0m=pow
[36mINFO[0m[0100] Miner is not in dispute, continuing           [36mcomponent[0m=MiningTasker [36mpackage[0m=pow
[31mERRO[0m[0115] Could not get data from data proxy, cannot continue at all  [31mcomponent[0m=MiningTasker [31mpackage[0m=pow
2022/01/18 14:33:21 unexpected EOF
